<?xml version="1.0" encoding="UTF-8"?>
<testsuite name="org.example.WalletTest" tests="1" skipped="0" failures="0" errors="0" timestamp="2022-12-08T14:33:19" hostname="iMac-de-orange-4.local" time="0.011">
  <properties/>
  <testcase name="testWalletCreated()" classname="org.example.WalletTest" time="0.011"/>
  <system-out><![CDATA[]]></system-out>
  <system-err><![CDATA[]]></system-err>
</testsuite>
